<?xml version="1.0" encoding="UTF-8"?>
<testsuite xmlns:xsi="http://www.w3.org/2001/XMLSchema-instance" xsi:noNamespaceSchemaLocation="https://maven.apache.org/surefire/maven-surefire-plugin/xsd/surefire-test-report.xsd" name="be.hypertux.mavenbook.WeatherFromYQL.service.YahooParserTest" time="0.317" tests="14" errors="2" skipped="12" failures="0">
  <properties>
    <property name="idea.version" value="2017.2.2"/>
    <property name="java.runtime.name" value="Java(TM) SE Runtime Environment"/>
    <property name="sun.boot.library.path" value="C:\Program Files\Java\jdk1.8.0_144\jre\bin"/>
    <property name="java.vm.version" value="25.144-b01"/>
    <property name="java.vm.vendor" value="Oracle Corporation"/>
    <property name="maven.multiModuleProjectDirectory" value="E:\dev_git\WeatherFromYQL"/>
    <property name="java.vendor.url" value="http://java.oracle.com/"/>
    <property name="path.separator" value=";"/>
    <property name="guice.disable.misplaced.annotation.check" value="true"/>
    <property name="java.vm.name" value="Java HotSpot(TM) 64-Bit Server VM"/>
    <property name="file.encoding.pkg" value="sun.io"/>
    <property name="user.script" value=""/>
    <property name="user.country" value="BE"/>
    <property name="sun.java.launcher" value="SUN_STANDARD"/>
    <property name="sun.os.patch.level" value="Service Pack 1"/>
    <property name="java.vm.specification.name" value="Java Virtual Machine Specification"/>
    <property name="user.dir" value="E:\dev_git\WeatherFromYQL"/>
    <property name="java.runtime.version" value="1.8.0_144-b01"/>
    <property name="java.awt.graphicsenv" value="sun.awt.Win32GraphicsEnvironment"/>
    <property name="java.endorsed.dirs" value="C:\Program Files\Java\jdk1.8.0_144\jre\lib\endorsed"/>
    <property name="os.arch" value="amd64"/>
    <property name="java.io.tmpdir" value="C:\Users\Tux\AppData\Local\Temp\"/>
    <property name="line.separator" value="&#10;"/>
    <property name="java.vm.specification.vendor" value="Oracle Corporation"/>
    <property name="user.variant" value=""/>
    <property name="os.name" value="Windows 7"/>
    <property name="classworlds.conf" value="D:\IntelliJ IDEA 2017.2.1\plugins\maven\lib\maven3\bin\m2.conf"/>
    <property name="sun.jnu.encoding" value="Cp1252"/>
    <property name="java.library.path" value="C:\Program Files\Java\jdk1.8.0_144\bin;C:\Windows\Sun\Java\bin;C:\Windows\system32;C:\Windows;C:\ProgramData\Oracle\Java\javapath;C:\Windows\system32;C:\Windows;C:\Windows\System32\Wbem;C:\Windows\System32\WindowsPowerShell\v1.0\;C:\Program Files (x86)\Skype\Phone\;C:\Program Files (x86)\NVIDIA Corporation\PhysX\Common;C:\Windows\system32\config\systemprofile\.dnx\bin;C:\Program Files\Microsoft DNX\Dnvm\;C:\Program Files\Microsoft SQL Server\130\Tools\Binn\;D:\Git\cmd;C:\Users\Tux\AppData\Local\atom\bin;."/>
    <property name="java.specification.name" value="Java Platform API Specification"/>
    <property name="java.class.version" value="52.0"/>
    <property name="sun.management.compiler" value="HotSpot 64-Bit Tiered Compilers"/>
    <property name="os.version" value="6.1"/>
    <property name="user.home" value="C:\Users\Tux"/>
    <property name="user.timezone" value="Europe/Paris"/>
    <property name="java.awt.printerjob" value="sun.awt.windows.WPrinterJob"/>
    <property name="java.specification.version" value="1.8"/>
    <property name="file.encoding" value="UTF-8"/>
    <property name="user.name" value="Tux"/>
    <property name="java.class.path" value="D:\IntelliJ IDEA 2017.2.1\plugins\maven\lib\maven3\boot\plexus-classworlds-2.5.2.jar;D:\IntelliJ IDEA 2017.2.1\lib\idea_rt.jar"/>
    <property name="java.vm.specification.version" value="1.8"/>
    <property name="sun.arch.data.model" value="64"/>
    <property name="java.home" value="C:\Program Files\Java\jdk1.8.0_144\jre"/>
    <property name="sun.java.command" value="org.codehaus.classworlds.Launcher -Didea.version=2017.2.2 test"/>
    <property name="java.specification.vendor" value="Oracle Corporation"/>
    <property name="user.language" value="fr"/>
    <property name="awt.toolkit" value="sun.awt.windows.WToolkit"/>
    <property name="java.vm.info" value="mixed mode"/>
    <property name="java.version" value="1.8.0_144"/>
    <property name="java.ext.dirs" value="C:\Program Files\Java\jdk1.8.0_144\jre\lib\ext;C:\Windows\Sun\Java\lib\ext"/>
    <property name="sun.boot.class.path" value="C:\Program Files\Java\jdk1.8.0_144\jre\lib\resources.jar;C:\Program Files\Java\jdk1.8.0_144\jre\lib\rt.jar;C:\Program Files\Java\jdk1.8.0_144\jre\lib\sunrsasign.jar;C:\Program Files\Java\jdk1.8.0_144\jre\lib\jsse.jar;C:\Program Files\Java\jdk1.8.0_144\jre\lib\jce.jar;C:\Program Files\Java\jdk1.8.0_144\jre\lib\charsets.jar;C:\Program Files\Java\jdk1.8.0_144\jre\lib\jfr.jar;C:\Program Files\Java\jdk1.8.0_144\jre\classes"/>
    <property name="java.vendor" value="Oracle Corporation"/>
    <property name="maven.home" value="D:\IntelliJ IDEA 2017.2.1\plugins\maven\lib\maven3"/>
    <property name="file.separator" value="\"/>
    <property name="java.vendor.url.bug" value="http://bugreport.sun.com/bugreport/"/>
    <property name="sun.cpu.endian" value="little"/>
    <property name="sun.io.unicode.encoding" value="UnicodeLittle"/>
    <property name="sun.desktop" value="windows"/>
    <property name="sun.cpu.isalist" value="amd64"/>
  </properties>
  <testcase name="testLocationAttributesValue" classname="be.hypertux.mavenbook.WeatherFromYQL.service.YahooParserTest" time="0">
    <skipped/>
  </testcase>
  <testcase name="testConditionAttributesValue" classname="be.hypertux.mavenbook.WeatherFromYQL.service.YahooParserTest" time="0">
    <skipped/>
  </testcase>
  <testcase name="testLocationAttributes" classname="be.hypertux.mavenbook.WeatherFromYQL.service.YahooParserTest" time="0">
    <skipped/>
  </testcase>
  <testcase name="testUnitsAttributes" classname="be.hypertux.mavenbook.WeatherFromYQL.service.YahooParserTest" time="0">
    <skipped/>
  </testcase>
  <testcase name="testAtmosphereAttributesValues" classname="be.hypertux.mavenbook.WeatherFromYQL.service.YahooParserTest" time="0">
    <skipped/>
  </testcase>
  <testcase name="testConditionAttributes" classname="be.hypertux.mavenbook.WeatherFromYQL.service.YahooParserTest" time="0">
    <skipped/>
  </testcase>
  <testcase name="testForecastsAttributesValues" classname="be.hypertux.mavenbook.WeatherFromYQL.service.YahooParserTest" time="0">
    <skipped/>
  </testcase>
  <testcase name="testAstronomyAttributesValue" classname="be.hypertux.mavenbook.WeatherFromYQL.service.YahooParserTest" time="0">
    <skipped/>
  </testcase>
  <testcase name="testForecastsAttributes" classname="be.hypertux.mavenbook.WeatherFromYQL.service.YahooParserTest" time="0">
    <skipped/>
  </testcase>
  <testcase name="testUnitsAttributesValue" classname="be.hypertux.mavenbook.WeatherFromYQL.service.YahooParserTest" time="0">
    <skipped/>
  </testcase>
  <testcase name="testWeatherAttributes" classname="be.hypertux.mavenbook.WeatherFromYQL.service.YahooParserTest" time="0.28">
    <error type="java.lang.NullPointerException">java.lang.NullPointerException
	at be.hypertux.mavenbook.WeatherFromYQL.service.YahooParserTest.before(YahooParserTest.java:34)
</error>
    <system-out><![CDATA[0    INFO  WeatherFormatter  - |||| Loading of the XML test file is ok.
277  INFO  YahooParser  - |||| - Event during unmarshalisation : [severity=ERROR,message=élément inattendu (URI : "", local : "results"). Les éléments attendus sont <{}atmosphere>,<{}condition>,<{}listForecast>,<{}link>,<{}description>,<{}location>,<{}units>,<{}astronomy>,<{}wind>,locator=[node=null,object=null,url=null,line=2,col=11,offset=-1]]
277  INFO  YahooParser  - ||| locator : [node=null,object=null,url=null,line=2,col=11,offset=-1]
277  ERROR WeatherFormatter  - |||| Exception parsing the stream.java.lang.NullPointerException
]]></system-out>
  </testcase>
  <testcase name="testWeatherAttributesValue" classname="be.hypertux.mavenbook.WeatherFromYQL.service.YahooParserTest" time="0.013">
    <error type="java.lang.NullPointerException">java.lang.NullPointerException
	at be.hypertux.mavenbook.WeatherFromYQL.service.YahooParserTest.before(YahooParserTest.java:34)
</error>
    <system-out><![CDATA[282  INFO  WeatherFormatter  - |||| Loading of the XML test file is ok.
294  INFO  YahooParser  - |||| - Event during unmarshalisation : [severity=ERROR,message=élément inattendu (URI : "", local : "results"). Les éléments attendus sont <{}atmosphere>,<{}condition>,<{}listForecast>,<{}link>,<{}description>,<{}location>,<{}units>,<{}astronomy>,<{}wind>,locator=[node=null,object=null,url=null,line=2,col=11,offset=-1]]
294  INFO  YahooParser  - ||| locator : [node=null,object=null,url=null,line=2,col=11,offset=-1]
294  ERROR WeatherFormatter  - |||| Exception parsing the stream.java.lang.NullPointerException
]]></system-out>
  </testcase>
  <testcase name="testWindAttributesValue" classname="be.hypertux.mavenbook.WeatherFromYQL.service.YahooParserTest" time="0">
    <skipped/>
  </testcase>
  <testcase name="testAstronomyAttributes" classname="be.hypertux.mavenbook.WeatherFromYQL.service.YahooParserTest" time="0">
    <skipped/>
  </testcase>
</testsuite>